[debug] [2025-02-27T06:25:35.281Z] ----------------------------------------------------------------------
[debug] [2025-02-27T06:25:35.289Z] Command:       C:\Program Files\nodejs\node.exe C:\Users\manas\AppData\Roaming\npm\node_modules\firebase-tools\lib\bin\firebase.js init
[debug] [2025-02-27T06:25:35.290Z] CLI Version:   13.31.2
[debug] [2025-02-27T06:25:35.290Z] Platform:      win32
[debug] [2025-02-27T06:25:35.291Z] Node Version:  v22.14.0
[debug] [2025-02-27T06:25:35.291Z] Time:          Thu Feb 27 2025 11:55:35 GMT+0530 (India Standard Time)
[debug] [2025-02-27T06:25:35.292Z] ----------------------------------------------------------------------
[debug] 
[debug] [2025-02-27T06:25:35.316Z] > command requires scopes: ["email","openid","https://www.googleapis.com/auth/cloudplatformprojects.readonly","https://www.googleapis.com/auth/firebase","https://www.googleapis.com/auth/cloud-platform"]
[debug] [2025-02-27T06:25:35.328Z] > authorizing via signed-in user (pamidimukkalamanasa101@gmail.com)
[info] 
     ######## #### ########  ######## ########     ###     ######  ########
     ##        ##  ##     ## ##       ##     ##  ##   ##  ##       ##
     ######    ##  ########  ######   ########  #########  ######  ######
     ##        ##  ##    ##  ##       ##     ## ##     ##       ## ##
     ##       #### ##     ## ######## ########  ##     ##  ######  ########

You're about to initialize a Firebase project in this directory:

  C:\Users\manas\OneDrive\Documents\VS CODE\Spreadsheetclone

[info] 
=== Project Setup
[info] 
[info] First, let's associate this project directory with a Firebase project.
[info] You can create multiple project aliases by running firebase use --add, 
[info] but for now we'll just set up a default project.
[info] 
[info] i  If you want to create a project in a Google Cloud organization or folder, please use "firebase projects:create" instead, and return to this command when you've created the project. 
[debug] [2025-02-27T06:26:22.745Z] Checked if tokens are valid: true, expires at: 1740640451078
[debug] [2025-02-27T06:26:22.746Z] Checked if tokens are valid: true, expires at: 1740640451078
[debug] [2025-02-27T06:26:22.748Z] >>> [apiv2][query] POST https://cloudresourcemanager.googleapis.com/v1/projects [none]
[debug] [2025-02-27T06:26:22.748Z] >>> [apiv2][body] POST https://cloudresourcemanager.googleapis.com/v1/projects {"projectId":"spreadsheetmimik","name":"spreadsheet"}
[debug] [2025-02-27T06:26:24.948Z] <<< [apiv2][status] POST https://cloudresourcemanager.googleapis.com/v1/projects 200
[debug] [2025-02-27T06:26:24.949Z] <<< [apiv2][body] POST https://cloudresourcemanager.googleapis.com/v1/projects {"name":"operations/cp.8318132558132196223"}
[debug] [2025-02-27T06:26:24.951Z] Checked if tokens are valid: true, expires at: 1740640451078
[debug] [2025-02-27T06:26:24.951Z] Checked if tokens are valid: true, expires at: 1740640451078
[debug] [2025-02-27T06:26:24.952Z] >>> [apiv2][query] GET https://cloudresourcemanager.googleapis.com/v1/operations/cp.8318132558132196223 [none]
[debug] [2025-02-27T06:26:26.523Z] <<< [apiv2][status] GET https://cloudresourcemanager.googleapis.com/v1/operations/cp.8318132558132196223 200
[debug] [2025-02-27T06:26:26.523Z] <<< [apiv2][body] GET https://cloudresourcemanager.googleapis.com/v1/operations/cp.8318132558132196223 {"name":"operations/cp.8318132558132196223","metadata":{"@type":"type.googleapis.com/google.cloudresourcemanager.v1.ProjectCreationStatus","ready":true},"done":true,"error":{"code":9,"message":"Callers must accept Terms of Service","details":[{"@type":"type.googleapis.com/google.rpc.PreconditionFailure","violations":[{"type":"TOS","subject":"cloud","description":"Callers must accept Terms of Service"}]}]}}
[debug] [2025-02-27T06:26:26.975Z] FirebaseError: Callers must accept Terms of Service
    at OperationPoller.poll (C:\Users\manas\AppData\Roaming\npm\node_modules\firebase-tools\lib\operation-poller.js:24:19)
    at process.processTicksAndRejections (node:internal/process/task_queues:105:5)
    at async createCloudProject (C:\Users\manas\AppData\Roaming\npm\node_modules\firebase-tools\lib\management\projects.js:213:29)
    at async createFirebaseProjectAndLog (C:\Users\manas\AppData\Roaming\npm\node_modules\firebase-tools\lib\management\projects.js:71:9)
    at async promptAndCreateNewProject (C:\Users\manas\AppData\Roaming\npm\node_modules\firebase-tools\lib\init\features\project.js:32:12)
    at async doSetup (C:\Users\manas\AppData\Roaming\npm\node_modules\firebase-tools\lib\init\features\project.js:89:27)
    at async init (C:\Users\manas\AppData\Roaming\npm\node_modules\firebase-tools\lib\init\index.js:41:9)
[error] 
[error] Error: Failed to create project. See firebase-debug.log for more info.
